[debug] [2021-09-20T17:54:06.493Z] ----------------------------------------------------------------------
[debug] [2021-09-20T17:54:06.496Z] Command:       C:\Program Files (x86)\nodejs\node.exe C:\Users\hamza\AppData\Roaming\npm\node_modules\firebase-tools\lib\bin\firebase.js login
[debug] [2021-09-20T17:54:06.497Z] CLI Version:   9.18.0
[debug] [2021-09-20T17:54:06.497Z] Platform:      win32
[debug] [2021-09-20T17:54:06.497Z] Node Version:  v14.17.0
[debug] [2021-09-20T17:54:06.499Z] Time:          Mon Sep 20 2021 10:54:06 GMT-0700 (heure avancée du Pacifique)
[debug] [2021-09-20T17:54:06.499Z] ----------------------------------------------------------------------
[debug] 
[info] i  Firebase optionally collects CLI usage and error reporting information to help improve our products. Data is collected in accordance with Google's privacy policy (https://policies.google.com/privacy) and is not used to identify you.
 
[info] i  To change your data collection preference at any time, run `firebase logout` and log in again. 
[info] 
[info] Visit this URL on this device to log in:
[info] https://accounts.google.com/o/oauth2/auth?client_id=563584335869-fgrhgmd47bqnekij5i8b5pr03ho849e6.apps.googleusercontent.com&scope=email%20openid%20https%3A%2F%2Fwww.googleapis.com%2Fauth%2Fcloudplatformprojects.readonly%20https%3A%2F%2Fwww.googleapis.com%2Fauth%2Ffirebase%20https%3A%2F%2Fwww.googleapis.com%2Fauth%2Fcloud-platform&response_type=code&state=319771571&redirect_uri=http%3A%2F%2Flocalhost%3A9005
[info] 
[info] Waiting for authentication...
[debug] [2021-09-20T17:56:10.762Z] ----------------------------------------------------------------------
[debug] [2021-09-20T17:56:10.764Z] Command:       C:\Program Files (x86)\nodejs\node.exe C:\Users\hamza\AppData\Roaming\npm\node_modules\firebase-tools\lib\bin\firebase.js login
[debug] [2021-09-20T17:56:10.765Z] CLI Version:   9.18.0
[debug] [2021-09-20T17:56:10.765Z] Platform:      win32
[debug] [2021-09-20T17:56:10.765Z] Node Version:  v14.17.0
[debug] [2021-09-20T17:56:10.767Z] Time:          Mon Sep 20 2021 10:56:10 GMT-0700 (heure avancée du Pacifique)
[debug] [2021-09-20T17:56:10.767Z] ----------------------------------------------------------------------
[debug] 
[info] i  Firebase optionally collects CLI usage and error reporting information to help improve our products. Data is collected in accordance with Google's privacy policy (https://policies.google.com/privacy) and is not used to identify you.
 
[info] i  To change your data collection preference at any time, run `firebase logout` and log in again. 
[info] 
[info] Visit this URL on this device to log in:
[info] https://accounts.google.com/o/oauth2/auth?client_id=563584335869-fgrhgmd47bqnekij5i8b5pr03ho849e6.apps.googleusercontent.com&scope=email%20openid%20https%3A%2F%2Fwww.googleapis.com%2Fauth%2Fcloudplatformprojects.readonly%20https%3A%2F%2Fwww.googleapis.com%2Fauth%2Ffirebase%20https%3A%2F%2Fwww.googleapis.com%2Fauth%2Fcloud-platform&response_type=code&state=355432234&redirect_uri=http%3A%2F%2Flocalhost%3A9005
[info] 
[info] Waiting for authentication...
[debug] [2021-09-20T18:00:34.545Z] ----------------------------------------------------------------------
[debug] [2021-09-20T18:00:34.547Z] Command:       C:\Program Files (x86)\nodejs\node.exe C:\Users\hamza\AppData\Roaming\npm\node_modules\firebase-tools\lib\bin\firebase.js login
[debug] [2021-09-20T18:00:34.548Z] CLI Version:   9.18.0
[debug] [2021-09-20T18:00:34.548Z] Platform:      win32
[debug] [2021-09-20T18:00:34.548Z] Node Version:  v14.17.0
[debug] [2021-09-20T18:00:34.549Z] Time:          Mon Sep 20 2021 11:00:34 GMT-0700 (heure avancée du Pacifique)
[debug] [2021-09-20T18:00:34.549Z] ----------------------------------------------------------------------
[debug] 
[info] i  Firebase optionally collects CLI usage and error reporting information to help improve our products. Data is collected in accordance with Google's privacy policy (https://policies.google.com/privacy) and is not used to identify you.
 
[info] i  To change your data collection preference at any time, run `firebase logout` and log in again. 
[info] 
[info] Visit this URL on this device to log in:
[info] https://accounts.google.com/o/oauth2/auth?client_id=563584335869-fgrhgmd47bqnekij5i8b5pr03ho849e6.apps.googleusercontent.com&scope=email%20openid%20https%3A%2F%2Fwww.googleapis.com%2Fauth%2Fcloudplatformprojects.readonly%20https%3A%2F%2Fwww.googleapis.com%2Fauth%2Ffirebase%20https%3A%2F%2Fwww.googleapis.com%2Fauth%2Fcloud-platform&response_type=code&state=289955812&redirect_uri=http%3A%2F%2Flocalhost%3A9005
[info] 
[info] Waiting for authentication...
